<?xml version="1.0" encoding="UTF-8"?>
<!-- Generated by org.testng.reporters.JUnitReportReporter -->
<testsuite skipped="0" hostname="L-BG-P10405304" name="uk.co.capita.advantagecontractor.tests.contractsetup.jobtypes.CreateJobTypeForAContractTest" tests="1" failures="0" timestamp="01 Jan 2018 07:31:44 GMT" time="41.042" errors="0">
  <testcase name="createJobTypeForAContract" time="41.042" classname="uk.co.capita.advantagecontractor.tests.contractsetup.jobtypes.CreateJobTypeForAContractTest"/>
</testsuite> <!-- uk.co.capita.advantagecontractor.tests.contractsetup.jobtypes.CreateJobTypeForAContractTest -->
