<?xml version="1.0" encoding="UTF-8"?>
<!-- Generated by org.testng.reporters.JUnitReportReporter -->
<testsuite skipped="0" hostname="L-BG-P10405304" name="uk.co.capita.advantagecontractor.tests.contractsetup.contractmaindetails.DeleteRepairsContractTest" tests="1" failures="0" timestamp="22 Dec 2017 08:04:06 GMT" time="37.582" errors="0">
  <testcase name="deleteRepairsContract" time="37.582" classname="uk.co.capita.advantagecontractor.tests.contractsetup.contractmaindetails.DeleteRepairsContractTest"/>
</testsuite> <!-- uk.co.capita.advantagecontractor.tests.contractsetup.contractmaindetails.DeleteRepairsContractTest -->
