<?xml version="1.0" encoding="UTF-8"?>
<!-- Generated by org.testng.reporters.JUnitReportReporter -->
<testsuite skipped="0" hostname="L-BG-P10405304" name="uk.co.capita.advantagecontractor.tests.contractsetup.contractdiary.DeleteDiaryTest" tests="1" failures="0" timestamp="25 Dec 2017 06:59:55 GMT" time="61.555" errors="0">
  <testcase name="deleteDiary" time="61.555" classname="uk.co.capita.advantagecontractor.tests.contractsetup.contractdiary.DeleteDiaryTest"/>
</testsuite> <!-- uk.co.capita.advantagecontractor.tests.contractsetup.contractdiary.DeleteDiaryTest -->
