<?xml version="1.0" encoding="UTF-8"?>
<!-- Generated by org.testng.reporters.JUnitReportReporter -->
<testsuite skipped="0" hostname="L-BG-P10405304" name="uk.co.capita.advantagecontractor.tests.contractsetup.systemoptions.DeleteSystemOptionsTest" tests="1" failures="0" timestamp="01 Jan 2018 08:01:47 GMT" time="47.078" errors="0">
  <testcase name="deleteSystemOptions" time="47.078" classname="uk.co.capita.advantagecontractor.tests.contractsetup.systemoptions.DeleteSystemOptionsTest"/>
</testsuite> <!-- uk.co.capita.advantagecontractor.tests.contractsetup.systemoptions.DeleteSystemOptionsTest -->
