<?xml version="1.0" encoding="UTF-8"?>
<!-- Generated by org.testng.reporters.JUnitReportReporter -->
<testsuite skipped="0" hostname="L-BG-P10405304" name="uk.co.capita.advantagecontractor.tests.contractsetup.priorities.DeletePriorityTest" tests="1" failures="0" timestamp="01 Jan 2018 07:47:38 GMT" time="48.599" errors="0">
  <testcase name="deletePriority" time="48.599" classname="uk.co.capita.advantagecontractor.tests.contractsetup.priorities.DeletePriorityTest"/>
</testsuite> <!-- uk.co.capita.advantagecontractor.tests.contractsetup.priorities.DeletePriorityTest -->
