<?xml version="1.0" encoding="UTF-8"?>
<!-- Generated by org.testng.reporters.JUnitReportReporter -->
<testsuite skipped="0" hostname="L-BG-P10405304" name="uk.co.capita.advantagecontractor.tests.contractsetup.contractdiary.CreateDiaryForAContractTest" tests="1" failures="0" timestamp="25 Dec 2017 06:51:24 GMT" time="53.552" errors="0">
  <testcase name="createDiaryForAContract" time="53.552" classname="uk.co.capita.advantagecontractor.tests.contractsetup.contractdiary.CreateDiaryForAContractTest"/>
</testsuite> <!-- uk.co.capita.advantagecontractor.tests.contractsetup.contractdiary.CreateDiaryForAContractTest -->
