<?xml version="1.0" encoding="UTF-8"?>
<!-- Generated by org.testng.reporters.JUnitReportReporter -->
<testsuite skipped="0" hostname="L-BG-P10405304" name="uk.co.capita.advantagecontractor.tests.contractsetup.operatives.EditOperativeTest" tests="1" failures="0" timestamp="01 Jan 2018 09:26:47 GMT" time="46.386" errors="0">
  <testcase name="editOperative" time="46.386" classname="uk.co.capita.advantagecontractor.tests.contractsetup.operatives.EditOperativeTest"/>
</testsuite> <!-- uk.co.capita.advantagecontractor.tests.contractsetup.operatives.EditOperativeTest -->
