<?xml version="1.0" encoding="UTF-8"?>
<!-- Generated by org.testng.reporters.JUnitReportReporter -->
<testsuite skipped="0" hostname="L-BG-P10405304" name="uk.co.capita.advantagecontractor.tests.contractsetup.CreateNewRepairsContractTest" tests="1" failures="0" timestamp="07 Dec 2017 08:11:05 GMT" time="40.811" errors="0">
  <testcase name="createNewRepairsContract" time="40.811" classname="uk.co.capita.advantagecontractor.tests.contractsetup.CreateNewRepairsContractTest"/>
</testsuite> <!-- uk.co.capita.advantagecontractor.tests.contractsetup.CreateNewRepairsContractTest -->
