<?xml version="1.0" encoding="UTF-8"?>
<!-- Generated by org.testng.reporters.JUnitReportReporter -->
<testsuite skipped="0" hostname="L-BG-P10405304" name="uk.co.capita.advantagecontractor.tests.contractsetup.EditRepairsContractTest" tests="1" failures="0" timestamp="08 Dec 2017 08:29:41 GMT" time="39.922" errors="0">
  <testcase name="editRepairsContract" time="39.922" classname="uk.co.capita.advantagecontractor.tests.contractsetup.EditRepairsContractTest"/>
</testsuite> <!-- uk.co.capita.advantagecontractor.tests.contractsetup.EditRepairsContractTest -->
