<?xml version="1.0" encoding="UTF-8"?>
<!-- Generated by org.testng.reporters.JUnitReportReporter -->
<testsuite skipped="0" hostname="L-BG-P10405304" name="uk.co.capita.advantagecontractor.tests.contractsetup.priorities.CreatePriorityForAContractTest" tests="1" failures="0" timestamp="01 Jan 2018 07:47:38 GMT" time="26.792" errors="0">
  <testcase name="createPriorityForAContract" time="26.792" classname="uk.co.capita.advantagecontractor.tests.contractsetup.priorities.CreatePriorityForAContractTest"/>
</testsuite> <!-- uk.co.capita.advantagecontractor.tests.contractsetup.priorities.CreatePriorityForAContractTest -->
