<?xml version="1.0" encoding="UTF-8"?>
<!-- Generated by org.testng.reporters.JUnitReportReporter -->
<testsuite skipped="0" hostname="L-BG-P10405304" name="uk.co.capita.advantagecontractor.tests.contractsetup.recharge.CreateRechargeForAContractTest" tests="1" failures="0" timestamp="27 Dec 2017 10:25:52 GMT" time="54.724" errors="0">
  <testcase name="createRechargeForAContract" time="54.724" classname="uk.co.capita.advantagecontractor.tests.contractsetup.recharge.CreateRechargeForAContractTest"/>
</testsuite> <!-- uk.co.capita.advantagecontractor.tests.contractsetup.recharge.CreateRechargeForAContractTest -->
