<?xml version="1.0" encoding="UTF-8"?>
<!-- Generated by org.testng.reporters.JUnitReportReporter -->
<testsuite skipped="0" hostname="L-BG-P10405304" name="uk.co.capita.advantagecontractor.tests.contractsetup.attachcontractors.AddContractorToAContractTest" tests="1" failures="0" timestamp="01 Jan 2018 10:53:26 GMT" time="32.650" errors="0">
  <testcase name="addContractorToAContract" time="32.650" classname="uk.co.capita.advantagecontractor.tests.contractsetup.attachcontractors.AddContractorToAContractTest"/>
</testsuite> <!-- uk.co.capita.advantagecontractor.tests.contractsetup.attachcontractors.AddContractorToAContractTest -->
