<?xml version="1.0" encoding="UTF-8"?>
<!-- Generated by org.testng.reporters.JUnitReportReporter -->
<testsuite skipped="0" hostname="L-BG-P10405304" name="uk.co.capita.advantagecontractor.tests.contractsetup.sor.DeleteSORTest" tests="1" failures="0" timestamp="26 Dec 2017 10:52:16 GMT" time="61.581" errors="0">
  <testcase name="deleteSOR" time="61.581" classname="uk.co.capita.advantagecontractor.tests.contractsetup.sor.DeleteSORTest"/>
</testsuite> <!-- uk.co.capita.advantagecontractor.tests.contractsetup.sor.DeleteSORTest -->
