<?xml version="1.0" encoding="UTF-8"?>
<!-- Generated by org.testng.reporters.JUnitReportReporter -->
<testsuite skipped="0" hostname="L-BG-P10405304" name="uk.co.capita.advantagecontractor.tests.contractsetup.jobtypes.EditJobTypeTest" tests="1" failures="0" timestamp="01 Jan 2018 09:09:27 GMT" time="44.858" errors="0">
  <testcase name="editJobType" time="44.858" classname="uk.co.capita.advantagecontractor.tests.contractsetup.jobtypes.EditJobTypeTest"/>
</testsuite> <!-- uk.co.capita.advantagecontractor.tests.contractsetup.jobtypes.EditJobTypeTest -->
