<?xml version="1.0" encoding="UTF-8"?>
<!-- Generated by org.testng.reporters.JUnitReportReporter -->
<testsuite skipped="0" hostname="L-BG-P10405304" name="uk.co.capita.advantagecontractor.tests.contractsetup.contractdiary.EditDiaryTest" tests="1" failures="0" timestamp="25 Dec 2017 06:55:25 GMT" time="63.035" errors="0">
  <testcase name="editDiary" time="63.035" classname="uk.co.capita.advantagecontractor.tests.contractsetup.contractdiary.EditDiaryTest"/>
</testsuite> <!-- uk.co.capita.advantagecontractor.tests.contractsetup.contractdiary.EditDiaryTest -->
