<?xml version="1.0" encoding="UTF-8"?>
<!-- Generated by org.testng.reporters.JUnitReportReporter -->
<testsuite skipped="0" hostname="L-BG-P10405304" name="uk.co.capita.advantagecontractor.tests.contractsetup.autopivaluebands.CreateAutoPIValBandTest" tests="1" failures="0" timestamp="01 Jan 2018 08:15:59 GMT" time="34.087" errors="0">
  <testcase name="CreateAutoPIValBand" time="34.087" classname="uk.co.capita.advantagecontractor.tests.contractsetup.autopivaluebands.CreateAutoPIValBandTest"/>
</testsuite> <!-- uk.co.capita.advantagecontractor.tests.contractsetup.autopivaluebands.CreateAutoPIValBandTest -->
