<?xml version="1.0" encoding="UTF-8"?>
<!-- Generated by org.testng.reporters.JUnitReportReporter -->
<testsuite skipped="0" hostname="L-BG-P10406375" name="uk.co.capita.advantagecontractor.tests.contractsetup.displayallcontracts.DisplayAllContractsTest" tests="1" failures="0" timestamp="09 Jan 2018 05:02:57 GMT" time="41.866" errors="0">
  <testcase name="displayAllContracts" time="41.866" classname="uk.co.capita.advantagecontractor.tests.contractsetup.displayallcontracts.DisplayAllContractsTest"/>
</testsuite> <!-- uk.co.capita.advantagecontractor.tests.contractsetup.displayallcontracts.DisplayAllContractsTest -->
