<?xml version="1.0" encoding="UTF-8"?>
<!-- Generated by org.testng.reporters.JUnitReportReporter -->
<testsuite skipped="0" hostname="L-BG-P10405304" name="uk.co.capita.advantagecontractor.tests.contractsetup.systemoptions.EditSystemOptionsTest" tests="1" failures="0" timestamp="01 Jan 2018 08:01:47 GMT" time="51.433" errors="0">
  <testcase name="editSystemOptions" time="51.433" classname="uk.co.capita.advantagecontractor.tests.contractsetup.systemoptions.EditSystemOptionsTest"/>
</testsuite> <!-- uk.co.capita.advantagecontractor.tests.contractsetup.systemoptions.EditSystemOptionsTest -->
