<?xml version="1.0" encoding="UTF-8"?>
<!-- Generated by org.testng.reporters.JUnitReportReporter -->
<testsuite skipped="0" hostname="L-BG-P10405304" name="uk.co.capita.advantagecontractor.tests.contractsetup.attachcontractors.DeleteAttachedContractorTest" tests="1" failures="0" timestamp="20 Dec 2017 09:12:59 GMT" time="73.031" errors="0">
  <testcase name="deleteAttachedContractor" time="73.031" classname="uk.co.capita.advantagecontractor.tests.contractsetup.attachcontractors.DeleteAttachedContractorTest"/>
</testsuite> <!-- uk.co.capita.advantagecontractor.tests.contractsetup.attachcontractors.DeleteAttachedContractorTest -->
