<?xml version="1.0" encoding="UTF-8"?>
<!-- Generated by org.testng.reporters.JUnitReportReporter -->
<testsuite skipped="0" hostname="L-BG-P10405304" name="uk.co.capita.advantagecontractor.tests.contractsetup.DeleteRepairsContractTest" tests="1" failures="0" timestamp="08 Dec 2017 11:48:00 GMT" time="40.201" errors="0">
  <testcase name="deleteRepairsContract" time="40.201" classname="uk.co.capita.advantagecontractor.tests.contractsetup.DeleteRepairsContractTest"/>
</testsuite> <!-- uk.co.capita.advantagecontractor.tests.contractsetup.DeleteRepairsContractTest -->
