<?xml version="1.0" encoding="UTF-8"?>
<!-- Generated by org.testng.reporters.JUnitReportReporter -->
<testsuite skipped="0" hostname="L-BG-P10405304" name="uk.co.capita.advantagecontractor.tests.contractsetup.recharge.EditRechargeTest" tests="1" failures="0" timestamp="27 Dec 2017 11:01:54 GMT" time="48.954" errors="0">
  <testcase name="editRecharge" time="48.954" classname="uk.co.capita.advantagecontractor.tests.contractsetup.recharge.EditRechargeTest"/>
</testsuite> <!-- uk.co.capita.advantagecontractor.tests.contractsetup.recharge.EditRechargeTest -->
