<?xml version="1.0" encoding="UTF-8"?>
<!-- Generated by org.testng.reporters.JUnitReportReporter -->
<testsuite skipped="0" hostname="L-BG-P10405304" name="uk.co.capita.advantagecontractor.tests.contractsetup.systemoptions.CreateSystemOptionsForAContractTest" tests="1" failures="0" timestamp="01 Jan 2018 10:33:32 GMT" time="32.957" errors="0">
  <testcase name="createSystemOptionsForAContract" time="32.957" classname="uk.co.capita.advantagecontractor.tests.contractsetup.systemoptions.CreateSystemOptionsForAContractTest"/>
</testsuite> <!-- uk.co.capita.advantagecontractor.tests.contractsetup.systemoptions.CreateSystemOptionsForAContractTest -->
