<?xml version="1.0" encoding="UTF-8"?>
<!-- Generated by org.testng.reporters.JUnitReportReporter -->
<testsuite skipped="0" hostname="L-BG-P10405304" name="uk.co.capita.advantagecontractor.tests.contractsetup.sor.EditSORTest" tests="1" failures="0" timestamp="26 Dec 2017 10:27:41 GMT" time="72.779" errors="0">
  <testcase name="editSOR" time="72.779" classname="uk.co.capita.advantagecontractor.tests.contractsetup.sor.EditSORTest"/>
</testsuite> <!-- uk.co.capita.advantagecontractor.tests.contractsetup.sor.EditSORTest -->
